TN:
SF:src\base\isBusy.ts
FN:2,(anonymous_0)
FN:5,(anonymous_1)
FN:8,(anonymous_2)
FN:12,(anonymous_3)
FNF:4
FNH:4
FNDA:2,(anonymous_0)
FNDA:12,(anonymous_1)
FNDA:3,(anonymous_2)
FNDA:6,(anonymous_3)
DA:1,1
DA:3,2
DA:6,12
DA:9,3
DA:13,6
DA:14,6
DA:18,1
DA:20,1
LF:8
LH:8
BRF:0
BRH:0
end_of_record
TN:
SF:src\base\extensions\Array.ts
FN:10,(anonymous_0)
FN:11,(anonymous_1)
FN:20,(anonymous_2)
FN:21,(anonymous_3)
FN:24,(anonymous_4)
FN:25,(anonymous_5)
FNF:6
FNH:6
FNDA:2,(anonymous_0)
FNDA:10,(anonymous_1)
FNDA:1,(anonymous_2)
FNDA:8,(anonymous_3)
FNDA:2,(anonymous_4)
FNDA:10,(anonymous_5)
DA:10,1
DA:11,2
DA:12,10
DA:13,8
DA:16,10
DA:20,1
DA:21,8
DA:24,1
DA:25,2
DA:26,10
DA:27,10
LF:11
LH:11
BRDA:10,0,0,1
BRDA:12,1,0,8
BRDA:27,2,0,8
BRDA:27,2,1,2
BRF:4
BRH:4
end_of_record
